
2024-08-26 09:59:11 INFO  o.s.b.d.a.LocalDevToolsAutoConfiguration$RestartingClassPathChangeChangedEventListener - Restarting due to 1 class path change (0 additions, 1 deletion, 0 modifications)
2024-08-26 09:59:11 INFO  o.a.coyote.http11.Http11NioProtocol - Stopping ProtocolHandler ["http-nio-5000"]
2024-08-26 09:59:11 INFO  o.s.o.j.LocalContainerEntityManagerFactoryBean - Closing JPA EntityManagerFactory for persistence unit 'default'
2024-08-26 09:59:11 INFO  com.zaxxer.hikari.HikariDataSource - HikariPool-2 - Shutdown initiated...
2024-08-26 09:59:11 INFO  com.zaxxer.hikari.HikariDataSource - HikariPool-2 - Shutdown completed.
2024-08-26 09:59:11 INFO  c.h.S.T.SpringBootTutorialApplication - Starting SpringBootTutorialApplication using Java 17.0.8 with PID 10807 (/Users/glydetek/Desktop/HydotTech/Study/Spring-Boot-101/Codes/target/classes started by glydetek in /Users/glydetek/Desktop/HydotTech/Study/Spring-Boot-101/Codes)
2024-08-26 09:59:11 INFO  c.h.S.T.SpringBootTutorialApplication - No active profile set, falling back to 1 default profile: "default"
2024-08-26 09:59:11 INFO  o.s.d.r.c.RepositoryConfigurationDelegate - Bootstrapping Spring Data JPA repositories in DEFAULT mode.
2024-08-26 09:59:11 INFO  o.s.d.r.c.RepositoryConfigurationDelegate - Finished Spring Data repository scanning in 10 ms. Found 1 JPA repository interface.
2024-08-26 09:59:11 INFO  o.s.b.w.e.tomcat.TomcatWebServer - Tomcat initialized with port 5000 (http)
2024-08-26 09:59:11 INFO  o.a.coyote.http11.Http11NioProtocol - Initializing ProtocolHandler ["http-nio-5000"]
2024-08-26 09:59:11 INFO  o.a.catalina.core.StandardService - Starting service [Tomcat]
2024-08-26 09:59:11 INFO  o.a.catalina.core.StandardEngine - Starting Servlet engine: [Apache Tomcat/10.1.26]
2024-08-26 09:59:11 INFO  o.a.c.c.C.[Tomcat].[localhost].[/] - Initializing Spring embedded WebApplicationContext
2024-08-26 09:59:11 INFO  o.s.b.w.s.c.ServletWebServerApplicationContext - Root WebApplicationContext: initialization completed in 321 ms
2024-08-26 09:59:11 INFO  com.zaxxer.hikari.HikariDataSource - HikariPool-3 - Starting...
2024-08-26 09:59:11 INFO  com.zaxxer.hikari.pool.HikariPool - HikariPool-3 - Added connection com.mysql.cj.jdbc.ConnectionImpl@1b709673
2024-08-26 09:59:11 INFO  com.zaxxer.hikari.HikariDataSource - HikariPool-3 - Start completed.
2024-08-26 09:59:11 INFO  o.s.b.a.h.H2ConsoleAutoConfiguration - H2 console available at '/h2-console'. Database available at 'jdbc:mysql://localhost:3306/LearnSpring'
2024-08-26 09:59:11 INFO  o.h.jpa.internal.util.LogHelper - HHH000204: Processing PersistenceUnitInfo [name: default]
2024-08-26 09:59:11 INFO  o.h.c.i.RegionFactoryInitiator - HHH000026: Second-level cache disabled
2024-08-26 09:59:11 INFO  o.s.o.j.p.SpringPersistenceUnitInfo - No LoadTimeWeaver setup: ignoring JPA class transformer
2024-08-26 09:59:11 INFO  o.h.e.t.j.p.i.JtaPlatformInitiator - HHH000489: No JTA platform available (set 'hibernate.transaction.jta.platform' to enable JTA platform integration)
2024-08-26 09:59:11 INFO  o.s.o.j.LocalContainerEntityManagerFactoryBean - Initialized JPA EntityManagerFactory for persistence unit 'default'
2024-08-26 09:59:11 WARN  o.s.b.w.s.c.AnnotationConfigServletWebServerApplicationContext - Exception encountered during context initialization - cancelling refresh attempt: org.springframework.beans.factory.UnsatisfiedDependencyException: Error creating bean with name 'departmentController': Unsatisfied dependency expressed through field 'departmentService': No qualifying bean of type 'com.hydottech.Springboot.Tutorial.service.DepartmentService' available: expected at least 1 bean which qualifies as autowire candidate. Dependency annotations: {@org.springframework.beans.factory.annotation.Autowired(required=true)}
2024-08-26 09:59:11 INFO  o.s.o.j.LocalContainerEntityManagerFactoryBean - Closing JPA EntityManagerFactory for persistence unit 'default'
2024-08-26 09:59:11 INFO  com.zaxxer.hikari.HikariDataSource - HikariPool-3 - Shutdown initiated...
2024-08-26 09:59:11 INFO  com.zaxxer.hikari.HikariDataSource - HikariPool-3 - Shutdown completed.
2024-08-26 09:59:11 INFO  o.a.catalina.core.StandardService - Stopping service [Tomcat]
2024-08-26 09:59:11 INFO  o.s.b.a.l.ConditionEvaluationReportLogger - 

Error starting ApplicationContext. To display the condition evaluation report re-run your application with 'debug' enabled.
2024-08-26 09:59:11 ERROR o.s.b.d.LoggingFailureAnalysisReporter - 

***************************
APPLICATION FAILED TO START
***************************

Description:

Field departmentService in com.hydottech.Springboot.Tutorial.controller.DepartmentController required a bean of type 'com.hydottech.Springboot.Tutorial.service.DepartmentService' that could not be found.

The injection point has the following annotations:
	- @org.springframework.beans.factory.annotation.Autowired(required=true)


Action:

Consider defining a bean of type 'com.hydottech.Springboot.Tutorial.service.DepartmentService' in your configuration.

2024-08-26 09:59:13 INFO  c.h.S.T.SpringBootTutorialApplication - Starting SpringBootTutorialApplication using Java 17.0.8 with PID 10807 (/Users/glydetek/Desktop/HydotTech/Study/Spring-Boot-101/Codes/target/classes started by glydetek in /Users/glydetek/Desktop/HydotTech/Study/Spring-Boot-101/Codes)
2024-08-26 09:59:13 INFO  c.h.S.T.SpringBootTutorialApplication - No active profile set, falling back to 1 default profile: "default"
2024-08-26 09:59:13 INFO  o.s.d.r.c.RepositoryConfigurationDelegate - Bootstrapping Spring Data JPA repositories in DEFAULT mode.
2024-08-26 09:59:13 INFO  o.s.d.r.c.RepositoryConfigurationDelegate - Finished Spring Data repository scanning in 6 ms. Found 1 JPA repository interface.
2024-08-26 09:59:13 INFO  o.s.b.w.e.tomcat.TomcatWebServer - Tomcat initialized with port 5000 (http)
2024-08-26 09:59:13 INFO  o.a.coyote.http11.Http11NioProtocol - Initializing ProtocolHandler ["http-nio-5000"]
2024-08-26 09:59:13 INFO  o.a.catalina.core.StandardService - Starting service [Tomcat]
2024-08-26 09:59:13 INFO  o.a.catalina.core.StandardEngine - Starting Servlet engine: [Apache Tomcat/10.1.26]
2024-08-26 09:59:13 INFO  o.a.c.c.C.[Tomcat-1].[localhost].[/] - Initializing Spring embedded WebApplicationContext
2024-08-26 09:59:13 INFO  o.s.b.w.s.c.ServletWebServerApplicationContext - Root WebApplicationContext: initialization completed in 174 ms
2024-08-26 09:59:13 INFO  com.zaxxer.hikari.HikariDataSource - HikariPool-4 - Starting...
2024-08-26 09:59:13 INFO  com.zaxxer.hikari.pool.HikariPool - HikariPool-4 - Added connection com.mysql.cj.jdbc.ConnectionImpl@4659d171
2024-08-26 09:59:13 INFO  com.zaxxer.hikari.HikariDataSource - HikariPool-4 - Start completed.
2024-08-26 09:59:13 INFO  o.s.b.a.h.H2ConsoleAutoConfiguration - H2 console available at '/h2-console'. Database available at 'jdbc:mysql://localhost:3306/LearnSpring'
2024-08-26 09:59:13 INFO  o.h.jpa.internal.util.LogHelper - HHH000204: Processing PersistenceUnitInfo [name: default]
2024-08-26 09:59:13 INFO  o.h.c.i.RegionFactoryInitiator - HHH000026: Second-level cache disabled
2024-08-26 09:59:13 INFO  o.s.o.j.p.SpringPersistenceUnitInfo - No LoadTimeWeaver setup: ignoring JPA class transformer
2024-08-26 09:59:13 INFO  o.h.e.t.j.p.i.JtaPlatformInitiator - HHH000489: No JTA platform available (set 'hibernate.transaction.jta.platform' to enable JTA platform integration)
2024-08-26 09:59:13 INFO  o.s.o.j.LocalContainerEntityManagerFactoryBean - Initialized JPA EntityManagerFactory for persistence unit 'default'
2024-08-26 09:59:13 WARN  o.s.b.a.o.j.JpaBaseConfiguration$JpaWebConfiguration - spring.jpa.open-in-view is enabled by default. Therefore, database queries may be performed during view rendering. Explicitly configure spring.jpa.open-in-view to disable this warning
2024-08-26 09:59:13 INFO  o.s.b.d.a.OptionalLiveReloadServer - LiveReload server is running on port 35729
2024-08-26 09:59:13 INFO  o.a.coyote.http11.Http11NioProtocol - Starting ProtocolHandler ["http-nio-5000"]
2024-08-26 09:59:13 INFO  o.s.b.w.e.tomcat.TomcatWebServer - Tomcat started on port 5000 (http) with context path '/'
2024-08-26 09:59:13 INFO  c.h.S.T.SpringBootTutorialApplication - Started SpringBootTutorialApplication in 0.393 seconds (process running for 4191.583)
2024-08-26 09:59:13 INFO  o.s.b.d.a.ConditionEvaluationDeltaLoggingListener - Condition evaluation unchanged
2024-08-26 09:59:24 INFO  o.s.o.j.LocalContainerEntityManagerFactoryBean - Closing JPA EntityManagerFactory for persistence unit 'default'
2024-08-26 09:59:24 INFO  com.zaxxer.hikari.HikariDataSource - HikariPool-4 - Shutdown initiated...
2024-08-26 09:59:24 INFO  com.zaxxer.hikari.HikariDataSource - HikariPool-4 - Shutdown completed.
2024-08-26 09:59:27 INFO  o.h.validator.internal.util.Version - HV000001: Hibernate Validator 8.0.1.Final
2024-08-26 09:59:27 INFO  c.h.S.T.SpringBootTutorialApplication - Starting SpringBootTutorialApplication using Java 17.0.8 with PID 21800 (/Users/glydetek/Desktop/HydotTech/Study/Spring-Boot-101/Codes/target/classes started by glydetek in /Users/glydetek/Desktop/HydotTech/Study/Spring-Boot-101/Codes)
2024-08-26 09:59:27 INFO  c.h.S.T.SpringBootTutorialApplication - No active profile set, falling back to 1 default profile: "default"
2024-08-26 09:59:27 INFO  o.s.b.d.e.DevToolsPropertyDefaultsPostProcessor - Devtools property defaults active! Set 'spring.devtools.add-properties' to 'false' to disable
2024-08-26 09:59:27 INFO  o.s.b.d.e.DevToolsPropertyDefaultsPostProcessor - For additional web related logging consider setting the 'logging.level.web' property to 'DEBUG'
2024-08-26 09:59:28 INFO  o.s.d.r.c.RepositoryConfigurationDelegate - Bootstrapping Spring Data JPA repositories in DEFAULT mode.
2024-08-26 09:59:28 INFO  o.s.d.r.c.RepositoryConfigurationDelegate - Finished Spring Data repository scanning in 67 ms. Found 1 JPA repository interface.
2024-08-26 09:59:29 INFO  o.s.b.w.e.tomcat.TomcatWebServer - Tomcat initialized with port 5000 (http)
2024-08-26 09:59:29 INFO  o.a.coyote.http11.Http11NioProtocol - Initializing ProtocolHandler ["http-nio-5000"]
2024-08-26 09:59:29 INFO  o.a.catalina.core.StandardService - Starting service [Tomcat]
2024-08-26 09:59:29 INFO  o.a.catalina.core.StandardEngine - Starting Servlet engine: [Apache Tomcat/10.1.26]
2024-08-26 09:59:29 INFO  o.a.c.c.C.[Tomcat].[localhost].[/] - Initializing Spring embedded WebApplicationContext
2024-08-26 09:59:29 INFO  o.s.b.w.s.c.ServletWebServerApplicationContext - Root WebApplicationContext: initialization completed in 1724 ms
2024-08-26 09:59:29 INFO  com.zaxxer.hikari.HikariDataSource - HikariPool-1 - Starting...
2024-08-26 09:59:29 INFO  com.zaxxer.hikari.pool.HikariPool - HikariPool-1 - Added connection com.mysql.cj.jdbc.ConnectionImpl@5771413
2024-08-26 09:59:29 INFO  com.zaxxer.hikari.HikariDataSource - HikariPool-1 - Start completed.
2024-08-26 09:59:29 INFO  o.s.b.a.h.H2ConsoleAutoConfiguration - H2 console available at '/h2-console'. Database available at 'jdbc:mysql://localhost:3306/LearnSpring'
2024-08-26 09:59:29 INFO  o.h.jpa.internal.util.LogHelper - HHH000204: Processing PersistenceUnitInfo [name: default]
2024-08-26 09:59:29 INFO  org.hibernate.Version - HHH000412: Hibernate ORM core version 6.5.2.Final
2024-08-26 09:59:29 INFO  o.h.c.i.RegionFactoryInitiator - HHH000026: Second-level cache disabled
2024-08-26 09:59:30 INFO  o.s.o.j.p.SpringPersistenceUnitInfo - No LoadTimeWeaver setup: ignoring JPA class transformer
2024-08-26 09:59:31 INFO  o.h.e.t.j.p.i.JtaPlatformInitiator - HHH000489: No JTA platform available (set 'hibernate.transaction.jta.platform' to enable JTA platform integration)
2024-08-26 09:59:31 INFO  o.s.o.j.LocalContainerEntityManagerFactoryBean - Initialized JPA EntityManagerFactory for persistence unit 'default'
2024-08-26 09:59:31 INFO  o.s.d.j.r.query.QueryEnhancerFactory - Hibernate is in classpath; If applicable, HQL parser will be used.
2024-08-26 09:59:31 WARN  o.s.b.a.o.j.JpaBaseConfiguration$JpaWebConfiguration - spring.jpa.open-in-view is enabled by default. Therefore, database queries may be performed during view rendering. Explicitly configure spring.jpa.open-in-view to disable this warning
2024-08-26 09:59:31 INFO  o.s.b.d.a.OptionalLiveReloadServer - LiveReload server is running on port 35729
2024-08-26 09:59:31 INFO  o.a.coyote.http11.Http11NioProtocol - Starting ProtocolHandler ["http-nio-5000"]
2024-08-26 09:59:31 INFO  o.s.b.w.e.tomcat.TomcatWebServer - Tomcat started on port 5000 (http) with context path '/'
2024-08-26 09:59:31 INFO  c.h.S.T.SpringBootTutorialApplication - Started SpringBootTutorialApplication in 5.022 seconds (process running for 6.197)
2024-08-26 10:00:52 INFO  o.s.b.d.a.LocalDevToolsAutoConfiguration$RestartingClassPathChangeChangedEventListener - Restarting due to 1 class path change (0 additions, 0 deletions, 1 modification)
2024-08-26 10:00:52 INFO  o.a.coyote.http11.Http11NioProtocol - Stopping ProtocolHandler ["http-nio-5000"]
2024-08-26 10:00:52 INFO  o.s.o.j.LocalContainerEntityManagerFactoryBean - Closing JPA EntityManagerFactory for persistence unit 'default'
2024-08-26 10:00:52 INFO  com.zaxxer.hikari.HikariDataSource - HikariPool-1 - Shutdown initiated...
2024-08-26 10:00:52 INFO  com.zaxxer.hikari.HikariDataSource - HikariPool-1 - Shutdown completed.
2024-08-26 10:00:52 INFO  c.h.S.T.SpringBootTutorialApplication - Starting SpringBootTutorialApplication using Java 17.0.8 with PID 21800 (/Users/glydetek/Desktop/HydotTech/Study/Spring-Boot-101/Codes/target/classes started by glydetek in /Users/glydetek/Desktop/HydotTech/Study/Spring-Boot-101/Codes)
2024-08-26 10:00:52 INFO  c.h.S.T.SpringBootTutorialApplication - No active profile set, falling back to 1 default profile: "default"
2024-08-26 10:00:52 INFO  o.s.d.r.c.RepositoryConfigurationDelegate - Bootstrapping Spring Data JPA repositories in DEFAULT mode.
2024-08-26 10:00:52 INFO  o.s.d.r.c.RepositoryConfigurationDelegate - Finished Spring Data repository scanning in 7 ms. Found 1 JPA repository interface.
2024-08-26 10:00:52 INFO  o.s.b.w.e.tomcat.TomcatWebServer - Tomcat initialized with port 5000 (http)
2024-08-26 10:00:52 INFO  o.a.coyote.http11.Http11NioProtocol - Initializing ProtocolHandler ["http-nio-5000"]
2024-08-26 10:00:52 INFO  o.a.catalina.core.StandardService - Starting service [Tomcat]
2024-08-26 10:00:52 INFO  o.a.catalina.core.StandardEngine - Starting Servlet engine: [Apache Tomcat/10.1.26]
2024-08-26 10:00:52 INFO  o.a.c.c.C.[Tomcat].[localhost].[/] - Initializing Spring embedded WebApplicationContext
2024-08-26 10:00:52 INFO  o.s.b.w.s.c.ServletWebServerApplicationContext - Root WebApplicationContext: initialization completed in 233 ms
2024-08-26 10:00:52 INFO  com.zaxxer.hikari.HikariDataSource - HikariPool-2 - Starting...
2024-08-26 10:00:52 INFO  com.zaxxer.hikari.pool.HikariPool - HikariPool-2 - Added connection com.mysql.cj.jdbc.ConnectionImpl@39fd24b2
2024-08-26 10:00:52 INFO  com.zaxxer.hikari.HikariDataSource - HikariPool-2 - Start completed.
2024-08-26 10:00:52 INFO  o.s.b.a.h.H2ConsoleAutoConfiguration - H2 console available at '/h2-console'. Database available at 'jdbc:mysql://localhost:3306/LearnSpring'
2024-08-26 10:00:52 INFO  o.h.jpa.internal.util.LogHelper - HHH000204: Processing PersistenceUnitInfo [name: default]
2024-08-26 10:00:52 INFO  o.h.c.i.RegionFactoryInitiator - HHH000026: Second-level cache disabled
2024-08-26 10:00:52 INFO  o.s.o.j.p.SpringPersistenceUnitInfo - No LoadTimeWeaver setup: ignoring JPA class transformer
2024-08-26 10:00:52 INFO  o.h.e.t.j.p.i.JtaPlatformInitiator - HHH000489: No JTA platform available (set 'hibernate.transaction.jta.platform' to enable JTA platform integration)
2024-08-26 10:00:52 INFO  o.s.o.j.LocalContainerEntityManagerFactoryBean - Initialized JPA EntityManagerFactory for persistence unit 'default'
2024-08-26 10:00:52 WARN  o.s.b.a.o.j.JpaBaseConfiguration$JpaWebConfiguration - spring.jpa.open-in-view is enabled by default. Therefore, database queries may be performed during view rendering. Explicitly configure spring.jpa.open-in-view to disable this warning
2024-08-26 10:00:52 INFO  o.s.b.d.a.OptionalLiveReloadServer - LiveReload server is running on port 35729
2024-08-26 10:00:52 INFO  o.a.coyote.http11.Http11NioProtocol - Starting ProtocolHandler ["http-nio-5000"]
2024-08-26 10:00:52 INFO  o.s.b.w.e.tomcat.TomcatWebServer - Tomcat started on port 5000 (http) with context path '/'
2024-08-26 10:00:52 INFO  c.h.S.T.SpringBootTutorialApplication - Started SpringBootTutorialApplication in 0.521 seconds (process running for 87.159)
2024-08-26 10:00:52 INFO  o.s.b.d.a.ConditionEvaluationDeltaLoggingListener - Condition evaluation unchanged
2024-08-26 10:05:38 INFO  o.s.o.j.LocalContainerEntityManagerFactoryBean - Closing JPA EntityManagerFactory for persistence unit 'default'
2024-08-26 10:05:38 INFO  com.zaxxer.hikari.HikariDataSource - HikariPool-2 - Shutdown initiated...
2024-08-26 10:05:38 INFO  com.zaxxer.hikari.HikariDataSource - HikariPool-2 - Shutdown completed.
2024-08-26 10:54:09 INFO  o.s.t.c.s.AnnotationConfigContextLoaderUtils - Could not detect default configuration classes for test class [com.hydottech.Springboot.Tutorial.service.DepartmentServiceTest]: DepartmentServiceTest does not declare any static, non-private, non-final, nested classes annotated with @Configuration.
2024-08-26 10:54:09 INFO  o.s.b.t.c.SpringBootTestContextBootstrapper - Found @SpringBootConfiguration com.hydottech.Springboot.Tutorial.SpringBootTutorialApplication for test class com.hydottech.Springboot.Tutorial.service.DepartmentServiceTest
2024-08-26 10:54:09 INFO  o.s.b.d.r.RestartApplicationListener - Restart disabled due to context in which it is running
2024-08-26 10:54:10 INFO  o.h.validator.internal.util.Version - HV000001: Hibernate Validator 8.0.1.Final
2024-08-26 10:54:10 INFO  c.h.S.T.s.DepartmentServiceTest - Starting DepartmentServiceTest using Java 17.0.8 with PID 1141 (started by glydetek in /Users/glydetek/Desktop/HydotTech/Study/Spring-Boot-101/Codes)
2024-08-26 10:54:10 INFO  c.h.S.T.s.DepartmentServiceTest - No active profile set, falling back to 1 default profile: "default"
2024-08-26 10:54:11 INFO  o.s.d.r.c.RepositoryConfigurationDelegate - Bootstrapping Spring Data JPA repositories in DEFAULT mode.
2024-08-26 10:54:11 INFO  o.s.d.r.c.RepositoryConfigurationDelegate - Finished Spring Data repository scanning in 57 ms. Found 1 JPA repository interface.
2024-08-26 10:54:13 INFO  o.h.jpa.internal.util.LogHelper - HHH000204: Processing PersistenceUnitInfo [name: default]
2024-08-26 10:54:13 INFO  org.hibernate.Version - HHH000412: Hibernate ORM core version 6.5.2.Final
2024-08-26 10:54:13 INFO  o.h.c.i.RegionFactoryInitiator - HHH000026: Second-level cache disabled
2024-08-26 10:54:13 INFO  o.s.o.j.p.SpringPersistenceUnitInfo - No LoadTimeWeaver setup: ignoring JPA class transformer
2024-08-26 10:54:13 INFO  com.zaxxer.hikari.HikariDataSource - HikariPool-1 - Starting...
2024-08-26 10:54:14 INFO  com.zaxxer.hikari.pool.HikariPool - HikariPool-1 - Added connection com.mysql.cj.jdbc.ConnectionImpl@1534bdc6
2024-08-26 10:54:14 INFO  com.zaxxer.hikari.HikariDataSource - HikariPool-1 - Start completed.
2024-08-26 10:54:15 INFO  o.h.e.t.j.p.i.JtaPlatformInitiator - HHH000489: No JTA platform available (set 'hibernate.transaction.jta.platform' to enable JTA platform integration)
2024-08-26 10:54:15 INFO  o.s.o.j.LocalContainerEntityManagerFactoryBean - Initialized JPA EntityManagerFactory for persistence unit 'default'
2024-08-26 10:54:15 WARN  o.s.b.a.o.j.JpaBaseConfiguration$JpaWebConfiguration - spring.jpa.open-in-view is enabled by default. Therefore, database queries may be performed during view rendering. Explicitly configure spring.jpa.open-in-view to disable this warning
2024-08-26 10:54:15 INFO  c.h.S.T.s.DepartmentServiceTest - Started DepartmentServiceTest in 6.031 seconds (process running for 7.662)
2024-08-26 10:54:16 INFO  o.s.o.j.LocalContainerEntityManagerFactoryBean - Closing JPA EntityManagerFactory for persistence unit 'default'
2024-08-26 10:54:16 INFO  com.zaxxer.hikari.HikariDataSource - HikariPool-1 - Shutdown initiated...
2024-08-26 10:54:16 INFO  com.zaxxer.hikari.HikariDataSource - HikariPool-1 - Shutdown completed.
2024-08-26 10:54:28 INFO  o.h.validator.internal.util.Version - HV000001: Hibernate Validator 8.0.1.Final
2024-08-26 10:54:28 INFO  c.h.S.T.SpringBootTutorialApplication - Starting SpringBootTutorialApplication using Java 17.0.8 with PID 1151 (/Users/glydetek/Desktop/HydotTech/Study/Spring-Boot-101/Codes/target/classes started by glydetek in /Users/glydetek/Desktop/HydotTech/Study/Spring-Boot-101/Codes)
2024-08-26 10:54:28 INFO  c.h.S.T.SpringBootTutorialApplication - No active profile set, falling back to 1 default profile: "default"
2024-08-26 10:54:28 INFO  o.s.b.d.e.DevToolsPropertyDefaultsPostProcessor - Devtools property defaults active! Set 'spring.devtools.add-properties' to 'false' to disable
2024-08-26 10:54:28 INFO  o.s.b.d.e.DevToolsPropertyDefaultsPostProcessor - For additional web related logging consider setting the 'logging.level.web' property to 'DEBUG'
2024-08-26 10:54:29 INFO  o.s.d.r.c.RepositoryConfigurationDelegate - Bootstrapping Spring Data JPA repositories in DEFAULT mode.
2024-08-26 10:54:29 INFO  o.s.d.r.c.RepositoryConfigurationDelegate - Finished Spring Data repository scanning in 49 ms. Found 1 JPA repository interface.
2024-08-26 10:54:30 INFO  o.s.b.w.e.tomcat.TomcatWebServer - Tomcat initialized with port 5000 (http)
2024-08-26 10:54:30 INFO  o.a.coyote.http11.Http11NioProtocol - Initializing ProtocolHandler ["http-nio-5000"]
2024-08-26 10:54:30 INFO  o.a.catalina.core.StandardService - Starting service [Tomcat]
2024-08-26 10:54:30 INFO  o.a.catalina.core.StandardEngine - Starting Servlet engine: [Apache Tomcat/10.1.26]
2024-08-26 10:54:30 INFO  o.a.c.c.C.[Tomcat].[localhost].[/] - Initializing Spring embedded WebApplicationContext
2024-08-26 10:54:30 INFO  o.s.b.w.s.c.ServletWebServerApplicationContext - Root WebApplicationContext: initialization completed in 1797 ms
2024-08-26 10:54:30 INFO  com.zaxxer.hikari.HikariDataSource - HikariPool-1 - Starting...
2024-08-26 10:54:30 INFO  com.zaxxer.hikari.pool.HikariPool - HikariPool-1 - Added connection com.mysql.cj.jdbc.ConnectionImpl@4c99ab84
2024-08-26 10:54:30 INFO  com.zaxxer.hikari.HikariDataSource - HikariPool-1 - Start completed.
2024-08-26 10:54:30 INFO  o.s.b.a.h.H2ConsoleAutoConfiguration - H2 console available at '/h2-console'. Database available at 'jdbc:mysql://localhost:3306/LearnSpring'
2024-08-26 10:54:30 INFO  o.h.jpa.internal.util.LogHelper - HHH000204: Processing PersistenceUnitInfo [name: default]
2024-08-26 10:54:31 INFO  org.hibernate.Version - HHH000412: Hibernate ORM core version 6.5.2.Final
2024-08-26 10:54:31 INFO  o.h.c.i.RegionFactoryInitiator - HHH000026: Second-level cache disabled
2024-08-26 10:54:31 INFO  o.s.o.j.p.SpringPersistenceUnitInfo - No LoadTimeWeaver setup: ignoring JPA class transformer
2024-08-26 10:54:32 INFO  o.h.e.t.j.p.i.JtaPlatformInitiator - HHH000489: No JTA platform available (set 'hibernate.transaction.jta.platform' to enable JTA platform integration)
2024-08-26 10:54:32 INFO  o.s.o.j.LocalContainerEntityManagerFactoryBean - Initialized JPA EntityManagerFactory for persistence unit 'default'
2024-08-26 10:54:32 INFO  o.s.d.j.r.query.QueryEnhancerFactory - Hibernate is in classpath; If applicable, HQL parser will be used.
2024-08-26 10:54:32 WARN  o.s.b.a.o.j.JpaBaseConfiguration$JpaWebConfiguration - spring.jpa.open-in-view is enabled by default. Therefore, database queries may be performed during view rendering. Explicitly configure spring.jpa.open-in-view to disable this warning
2024-08-26 10:54:33 INFO  o.s.b.d.a.OptionalLiveReloadServer - LiveReload server is running on port 35729
2024-08-26 10:54:33 INFO  o.a.coyote.http11.Http11NioProtocol - Starting ProtocolHandler ["http-nio-5000"]
2024-08-26 10:54:33 INFO  o.s.b.w.e.tomcat.TomcatWebServer - Tomcat started on port 5000 (http) with context path '/'
2024-08-26 10:54:33 INFO  c.h.S.T.SpringBootTutorialApplication - Started SpringBootTutorialApplication in 5.862 seconds (process running for 6.935)
